0 info it worked if it ends with ok
1 verbose cli [ '/usr/local/bin/node', '/usr/local/bin/npm', 'isntall' ]
2 info using npm@3.10.3
3 info using node@v6.7.0
4 silly loadCurrentTree Starting
5 silly install loadCurrentTree
6 silly install readLocalPackageData
7 silly install normalizeTree
8 silly loadCurrentTree Finishing
9 silly loadIdealTree Starting
10 silly install loadIdealTree
11 silly cloneCurrentTree Starting
12 silly install cloneCurrentTreeToIdealTree
13 silly cloneCurrentTree Finishing
14 silly loadShrinkwrap Starting
15 silly install loadShrinkwrap
16 silly loadShrinkwrap Finishing
17 silly loadAllDepsIntoIdealTree Starting
18 silly install loadAllDepsIntoIdealTree
19 silly fetchNamedPackageData socket.io-client
20 silly mapToRegistry name socket.io-client
21 silly mapToRegistry using default registry
22 silly mapToRegistry registry https://registry.npmjs.org/
23 silly mapToRegistry data Result {
23 silly mapToRegistry   raw: 'socket.io-client',
23 silly mapToRegistry   scope: null,
23 silly mapToRegistry   escapedName: 'socket.io-client',
23 silly mapToRegistry   name: 'socket.io-client',
23 silly mapToRegistry   rawSpec: '',
23 silly mapToRegistry   spec: 'latest',
23 silly mapToRegistry   type: 'tag' }
24 silly mapToRegistry uri https://registry.npmjs.org/socket.io-client
25 verbose request uri https://registry.npmjs.org/socket.io-client
26 verbose request no auth needed
27 info attempt registry request try #1 at 12:33:24 AM
28 verbose request id a67192de27f0a0d3
29 verbose etag "2PFLUD7IQWHKO8N302H24EQES"
30 http request GET https://registry.npmjs.org/socket.io-client
31 http 304 https://registry.npmjs.org/socket.io-client
32 verbose headers { date: 'Sun, 09 Oct 2016 07:33:25 GMT',
32 verbose headers   via: '1.1 varnish',
32 verbose headers   'cache-control': 'max-age=300',
32 verbose headers   etag: '"2PFLUD7IQWHKO8N302H24EQES"',
32 verbose headers   age: '128',
32 verbose headers   connection: 'keep-alive',
32 verbose headers   'x-served-by': 'cache-sea1921-SEA',
32 verbose headers   'x-cache': 'HIT',
32 verbose headers   'x-cache-hits': '26',
32 verbose headers   'x-timer': 'S1475998405.000545,VS0,VE0',
32 verbose headers   vary: 'Accept-Encoding' }
33 silly get cb [ 304,
33 silly get   { date: 'Sun, 09 Oct 2016 07:33:25 GMT',
33 silly get     via: '1.1 varnish',
33 silly get     'cache-control': 'max-age=300',
33 silly get     etag: '"2PFLUD7IQWHKO8N302H24EQES"',
33 silly get     age: '128',
33 silly get     connection: 'keep-alive',
33 silly get     'x-served-by': 'cache-sea1921-SEA',
33 silly get     'x-cache': 'HIT',
33 silly get     'x-cache-hits': '26',
33 silly get     'x-timer': 'S1475998405.000545,VS0,VE0',
33 silly get     vary: 'Accept-Encoding' } ]
34 verbose etag https://registry.npmjs.org/socket.io-client from cache
35 verbose get saving socket.io-client to /Users/tomasrodriguez/.npm/registry.npmjs.org/socket.io-client/.cache.json
36 verbose correctMkdir /Users/tomasrodriguez/.npm correctMkdir not in flight; initializing
37 silly fetchNamedPackageData No valid target from cache, forcing network
38 verbose request uri https://registry.npmjs.org/socket.io-client
39 verbose request no auth needed
40 info attempt registry request try #1 at 12:33:25 AM
41 http request GET https://registry.npmjs.org/socket.io-client
42 http 200 https://registry.npmjs.org/socket.io-client
43 verbose headers { server: 'CouchDB/1.5.0 (Erlang OTP/R16B03)',
43 verbose headers   etag: '"2PFLUD7IQWHKO8N302H24EQES"',
43 verbose headers   'content-type': 'application/json',
43 verbose headers   'content-encoding': 'gzip',
43 verbose headers   'cache-control': 'max-age=300',
43 verbose headers   'content-length': '13562',
43 verbose headers   'accept-ranges': 'bytes',
43 verbose headers   date: 'Sun, 09 Oct 2016 07:33:25 GMT',
43 verbose headers   via: '1.1 varnish',
43 verbose headers   age: '128',
43 verbose headers   connection: 'keep-alive',
43 verbose headers   'x-served-by': 'cache-sea1921-SEA',
43 verbose headers   'x-cache': 'HIT',
43 verbose headers   'x-cache-hits': '27',
43 verbose headers   'x-timer': 'S1475998405.036915,VS0,VE0',
43 verbose headers   vary: 'Accept-Encoding' }
44 silly get cb [ 200,
44 silly get   { server: 'CouchDB/1.5.0 (Erlang OTP/R16B03)',
44 silly get     etag: '"2PFLUD7IQWHKO8N302H24EQES"',
44 silly get     'content-type': 'application/json',
44 silly get     'content-encoding': 'gzip',
44 silly get     'cache-control': 'max-age=300',
44 silly get     'content-length': '13562',
44 silly get     'accept-ranges': 'bytes',
44 silly get     date: 'Sun, 09 Oct 2016 07:33:25 GMT',
44 silly get     via: '1.1 varnish',
44 silly get     age: '128',
44 silly get     connection: 'keep-alive',
44 silly get     'x-served-by': 'cache-sea1921-SEA',
44 silly get     'x-cache': 'HIT',
44 silly get     'x-cache-hits': '27',
44 silly get     'x-timer': 'S1475998405.036915,VS0,VE0',
44 silly get     vary: 'Accept-Encoding' } ]
45 verbose get saving socket.io-client to /Users/tomasrodriguez/.npm/registry.npmjs.org/socket.io-client/.cache.json
46 verbose correctMkdir /Users/tomasrodriguez/.npm correctMkdir not in flight; initializing
47 silly fetchPackageMetaData Error: No compatible version found: socket.io-client@~3.10.3
47 silly fetchPackageMetaData Valid install targets:
47 silly fetchPackageMetaData 1.5.0, 1.4.8, 1.4.7, 1.4.6, 1.4.5, 1.4.4, 1.4.3, 1.4.2, 1.4.1, 1.4.0, 1.3.7, 1.3.6, 1.3.5, 1.3.4, 1.3.3, 1.3.2, 1.3.1, 1.3.0, 1.2.1, 1.2.0, 1.1.0, 1.0.6, 1.0.5, 1.0.4, 1.0.3, 1.0.2, 1.0.1, 1.0.0-pre5, 1.0.0-pre4, 1.0.0-pre3, 1.0.0-pre2, 1.0.0-pre, 0.9.17, 0.9.16, 0.9.15, 0.9.11, 0.9.10, 0.9.9, 0.9.8, 0.9.7, 0.9.6, 0.9.5, 0.9.4, 0.9.3, 0.9.2, 0.9.1, 0.9.1-1, 0.9.0, 0.8.7, 0.8.6, 0.8.5, 0.8.4, 0.8.3, 0.8.2, 0.8.1, 0.8.0, 0.7.11, 0.7.10, 0.7.9, 0.7.5, 0.7.4, 0.7.3, 0.7.2, 0.7.1, 0.7.0
47 silly fetchPackageMetaData
47 silly fetchPackageMetaData     at pickVersionFromRegistryDocument (/usr/local/lib/node_modules/npm/lib/fetch-package-metadata.js:170:16)
47 silly fetchPackageMetaData     at /usr/local/lib/node_modules/npm/node_modules/iferr/index.js:13:50
47 silly fetchPackageMetaData     at /usr/local/lib/node_modules/npm/lib/utils/pulse-till-done.js:20:8
47 silly fetchPackageMetaData     at saved (/usr/local/lib/node_modules/npm/lib/cache/caching-client.js:174:7)
47 silly fetchPackageMetaData     at /usr/local/lib/node_modules/npm/node_modules/graceful-fs/polyfills.js:210:7
47 silly fetchPackageMetaData     at FSReqWrap.oncomplete (fs.js:123:15)
47 silly fetchPackageMetaData  error for socket.io-client@~3.10.3 Error: No compatible version found: socket.io-client@~3.10.3
47 silly fetchPackageMetaData Valid install targets:
47 silly fetchPackageMetaData 1.5.0, 1.4.8, 1.4.7, 1.4.6, 1.4.5, 1.4.4, 1.4.3, 1.4.2, 1.4.1, 1.4.0, 1.3.7, 1.3.6, 1.3.5, 1.3.4, 1.3.3, 1.3.2, 1.3.1, 1.3.0, 1.2.1, 1.2.0, 1.1.0, 1.0.6, 1.0.5, 1.0.4, 1.0.3, 1.0.2, 1.0.1, 1.0.0-pre5, 1.0.0-pre4, 1.0.0-pre3, 1.0.0-pre2, 1.0.0-pre, 0.9.17, 0.9.16, 0.9.15, 0.9.11, 0.9.10, 0.9.9, 0.9.8, 0.9.7, 0.9.6, 0.9.5, 0.9.4, 0.9.3, 0.9.2, 0.9.1, 0.9.1-1, 0.9.0, 0.8.7, 0.8.6, 0.8.5, 0.8.4, 0.8.3, 0.8.2, 0.8.1, 0.8.0, 0.7.11, 0.7.10, 0.7.9, 0.7.5, 0.7.4, 0.7.3, 0.7.2, 0.7.1, 0.7.0
47 silly fetchPackageMetaData
47 silly fetchPackageMetaData     at pickVersionFromRegistryDocument (/usr/local/lib/node_modules/npm/lib/fetch-package-metadata.js:170:16)
47 silly fetchPackageMetaData     at /usr/local/lib/node_modules/npm/node_modules/iferr/index.js:13:50
47 silly fetchPackageMetaData     at /usr/local/lib/node_modules/npm/lib/utils/pulse-till-done.js:20:8
47 silly fetchPackageMetaData     at saved (/usr/local/lib/node_modules/npm/lib/cache/caching-client.js:174:7)
47 silly fetchPackageMetaData     at /usr/local/lib/node_modules/npm/node_modules/graceful-fs/polyfills.js:210:7
47 silly fetchPackageMetaData     at FSReqWrap.oncomplete (fs.js:123:15)
48 silly rollbackFailedOptional Starting
49 silly rollbackFailedOptional Finishing
50 silly runTopLevelLifecycles Starting
51 silly runTopLevelLifecycles Finishing
52 silly install printInstalled
53 verbose stack Error: No compatible version found: socket.io-client@~3.10.3
53 verbose stack Valid install targets:
53 verbose stack 1.5.0, 1.4.8, 1.4.7, 1.4.6, 1.4.5, 1.4.4, 1.4.3, 1.4.2, 1.4.1, 1.4.0, 1.3.7, 1.3.6, 1.3.5, 1.3.4, 1.3.3, 1.3.2, 1.3.1, 1.3.0, 1.2.1, 1.2.0, 1.1.0, 1.0.6, 1.0.5, 1.0.4, 1.0.3, 1.0.2, 1.0.1, 1.0.0-pre5, 1.0.0-pre4, 1.0.0-pre3, 1.0.0-pre2, 1.0.0-pre, 0.9.17, 0.9.16, 0.9.15, 0.9.11, 0.9.10, 0.9.9, 0.9.8, 0.9.7, 0.9.6, 0.9.5, 0.9.4, 0.9.3, 0.9.2, 0.9.1, 0.9.1-1, 0.9.0, 0.8.7, 0.8.6, 0.8.5, 0.8.4, 0.8.3, 0.8.2, 0.8.1, 0.8.0, 0.7.11, 0.7.10, 0.7.9, 0.7.5, 0.7.4, 0.7.3, 0.7.2, 0.7.1, 0.7.0
53 verbose stack
53 verbose stack     at pickVersionFromRegistryDocument (/usr/local/lib/node_modules/npm/lib/fetch-package-metadata.js:170:16)
53 verbose stack     at /usr/local/lib/node_modules/npm/node_modules/iferr/index.js:13:50
53 verbose stack     at /usr/local/lib/node_modules/npm/lib/utils/pulse-till-done.js:20:8
53 verbose stack     at saved (/usr/local/lib/node_modules/npm/lib/cache/caching-client.js:174:7)
53 verbose stack     at /usr/local/lib/node_modules/npm/node_modules/graceful-fs/polyfills.js:210:7
53 verbose stack     at FSReqWrap.oncomplete (fs.js:123:15)
54 verbose cwd /Users/tomasrodriguez/Documents/kegberry
55 error Darwin 14.5.0
56 error argv "/usr/local/bin/node" "/usr/local/bin/npm" "isntall"
57 error node v6.7.0
58 error npm  v3.10.3
59 error No compatible version found: socket.io-client@~3.10.3
59 error Valid install targets:
59 error 1.5.0, 1.4.8, 1.4.7, 1.4.6, 1.4.5, 1.4.4, 1.4.3, 1.4.2, 1.4.1, 1.4.0, 1.3.7, 1.3.6, 1.3.5, 1.3.4, 1.3.3, 1.3.2, 1.3.1, 1.3.0, 1.2.1, 1.2.0, 1.1.0, 1.0.6, 1.0.5, 1.0.4, 1.0.3, 1.0.2, 1.0.1, 1.0.0-pre5, 1.0.0-pre4, 1.0.0-pre3, 1.0.0-pre2, 1.0.0-pre, 0.9.17, 0.9.16, 0.9.15, 0.9.11, 0.9.10, 0.9.9, 0.9.8, 0.9.7, 0.9.6, 0.9.5, 0.9.4, 0.9.3, 0.9.2, 0.9.1, 0.9.1-1, 0.9.0, 0.8.7, 0.8.6, 0.8.5, 0.8.4, 0.8.3, 0.8.2, 0.8.1, 0.8.0, 0.7.11, 0.7.10, 0.7.9, 0.7.5, 0.7.4, 0.7.3, 0.7.2, 0.7.1, 0.7.0
60 error If you need help, you may report this error at:
60 error     <https://github.com/npm/npm/issues>
61 verbose exit [ 1, true ]
